#
# A fatal error has been detected by the Java Runtime Environment:
#
#  EXCEPTION_ACCESS_VIOLATION (0xc0000005) at pc=0x00007fff6901c55c, pid=4528, tid=7292
#
# JRE version: Java(TM) SE Runtime Environment (17.0.10+11) (build 17.0.10+11-LTS-240)
# Java VM: Java HotSpot(TM) 64-Bit Server VM (17.0.10+11-LTS-240, mixed mode, sharing, tiered, compressed oops, compressed class ptrs, g1 gc, windows-amd64)
# Problematic frame:
# C  [ucrtbased.dll+0x8c55c]
#
# No core dump will be written. Minidumps are not enabled by default on client versions of Windows
#
# If you would like to submit a bug report, please visit:
#   https://bugreport.java.com/bugreport/crash.jsp
# The crash happened outside the Java Virtual Machine in native code.
# See problematic frame for where to report the bug.
#

---------------  S U M M A R Y ------------

Command Line: -javaagent:C:\Users\Step\AppData\Local\JetBrains\IntelliJ IDEA Community Edition 2023.3.6\lib\idea_rt.jar=50509:C:\Users\Step\AppData\Local\JetBrains\IntelliJ IDEA Community Edition 2023.3.6\bin -Dfile.encoding=UTF-8 oop.Oop

Host: Intel(R) Core(TM) i5-4570 CPU @ 3.20GHz, 4 cores, 15G,  Windows 10 , 64 bit Build 19041 (10.0.19041.3636)
Time: Thu Jun 27 09:23:06 2024 GTB Daylight Time elapsed time: 0.160640 seconds (0d 0h 0m 0s)

---------------  T H R E A D  ---------------

Current thread (0x000001b1698fc9e0):  JavaThread "main" [_thread_in_native, id=7292, stack(0x000000a562d00000,0x000000a562e00000)]

Stack: [0x000000a562d00000,0x000000a562e00000],  sp=0x000000a562dff1c0,  free space=1020k
Native frames: (J=compiled Java code, j=interpreted, Vv=VM code, C=native code)
C  [ucrtbased.dll+0x8c55c]

Java frames: (J=compiled Java code, j=interpreted, Vv=VM code)
j  oop.Oop.free(J)V+0
j  oop.Oop.main([Ljava/lang/String;)V+67
v  ~StubRoutines::call_stub

siginfo: EXCEPTION_ACCESS_VIOLATION (0xc0000005), reading address 0x000000007d048b38


Registers:
RAX=0x000000007d048b38, RBX=0x000001b1504043f0, RCX=0x000000007d048b40, RDX=0x00000000000000ed
RSP=0x000000a562dff1c0, RBP=0x000000a562dff450, RSI=0x000000000000000a, RDI=0x000001b1075394fe
R8 =0x0000000000000008, R9 =0x0000000000000002, R10=0x000001b10753d5f2, R11=0x0000000000000101
R12=0x0000000000000000, R13=0x000001b1504043f0, R14=0x000000a562dff480, R15=0x000001b1698fc9e0
RIP=0x00007fff6901c55c, EFLAGS=0x0000000000010283


Register to memory mapping:

RIP=0x00007fff6901c55c ucrtbased.dll
RAX=0x000000007d048b38 is an unknown value
RBX={method} {0x000001b1504043f8} 'free' '(J)V' in 'oop/Oop'
RCX=0x000000007d048b40 is an unknown value
RDX=0x00000000000000ed is an unknown value
RSP=0x000000a562dff1c0 is pointing into the stack for thread: 0x000001b1698fc9e0
RBP=0x000000a562dff450 is pointing into the stack for thread: 0x000001b1698fc9e0
RSI=0x000000000000000a is an unknown value
RDI=0x000001b1075394fe is at code_begin+1118 in an Interpreter codelet
return entry points  [0x000001b1075390a0, 0x000001b107539ba0]  2816 bytes
R8 =0x0000000000000008 is an unknown value
R9 =0x0000000000000002 is an unknown value
R10=0x000001b10753d5f2 is at code_begin+946 in an Interpreter codelet
method entry point (kind = native)  [0x000001b10753d240, 0x000001b10753dbc0]  2432 bytes
R11=0x0000000000000101 is an unknown value
R12=0x0 is NULL
R13={method} {0x000001b1504043f8} 'free' '(J)V' in 'oop/Oop'
R14=0x000000a562dff480 is pointing into the stack for thread: 0x000001b1698fc9e0
R15=0x000001b1698fc9e0 is a thread


Top of Stack: (sp=0x000000a562dff1c0)
0x000000a562dff1c0:   000000007d048b38 000000007d048b40
0x000000a562dff1d0:   0000000000000011 00007fff6901d80d
0x000000a562dff1e0:   000000007d048b38 72665f706f4f5fed
0x000000a562dff1f0:   0000000000000008 000000a562dff4d0
0x000000a562dff200:   000000007d048b38 000000a562dff240
0x000000a562dff210:   0000000000000007 00007fff6901ca58
0x000000a562dff220:   000000007d048b40 0000000000000007
0x000000a562dff230:   000000a562dff380 000001b1676e1220
0x000000a562dff240:   00007fff760d118b 00007fff1b9fcbce
0x000000a562dff250:   000001b1698fc9e0 00007fff760d118b
0x000000a562dff260:   000001b1698fc9e0 000001b1698fc9e0
0x000000a562dff270:   000000000000000a 00000000000000b6
0x000000a562dff280:   000000a562dff390 000001b1698fc9e0
0x000000a562dff290:   0000000000000001 0000000000000000
0x000000a562dff2a0:   0000000000000007 000000000000000d
0x000000a562dff2b0:   000001b17d048070 000001b1504043f0 

Instructions: (pc=0x00007fff6901c55c)
0x00007fff6901c45c:   58 48 89 44 24 28 48 8d 05 57 62 12 00 48 89 44
0x00007fff6901c46c:   24 20 45 33 c9 45 33 c0 33 d2 33 c9 e8 b3 90 01
0x00007fff6901c47c:   00 83 f8 01 75 03 cc 33 c0 eb 70 48 8b 84 24 10
0x00007fff6901c48c:   01 00 00 48 8b 40 20 48 89 84 24 e8 00 00 00 48
0x00007fff6901c49c:   8b 8c 24 10 01 00 00 e8 d8 fa ff ff 48 89 84 24
0x00007fff6901c4ac:   f0 00 00 00 48 8b 84 24 e8 00 00 00 48 89 44 24
0x00007fff6901c4bc:   38 48 8b 84 24 f0 00 00 00 48 89 44 24 30 48 8b
0x00007fff6901c4cc:   44 24 58 48 89 44 24 28 48 8d 05 2d 62 12 00 48
0x00007fff6901c4dc:   89 44 24 20 45 33 c9 45 33 c0 33 d2 33 c9 e8 41
0x00007fff6901c4ec:   90 01 00 83 f8 01 75 03 cc 33 c0 0f b6 44 24 50
0x00007fff6901c4fc:   48 81 c4 08 01 00 00 c3 cc cc cc cc cc cc cc cc
0x00007fff6901c50c:   cc cc cc cc 4c 89 44 24 18 88 54 24 10 48 89 4c
0x00007fff6901c51c:   24 08 48 83 ec 18 48 8b 44 24 30 48 8b 4c 24 20
0x00007fff6901c52c:   48 03 c8 48 8b c1 48 89 44 24 08 48 8b 44 24 20
0x00007fff6901c53c:   48 89 04 24 eb 0b 48 8b 04 24 48 ff c0 48 89 04
0x00007fff6901c54c:   24 48 8b 44 24 08 48 39 04 24 74 16 48 8b 04 24
0x00007fff6901c55c:   0f b6 00 0f b6 4c 24 28 3b c1 74 04 32 c0 eb 04
0x00007fff6901c56c:   eb d4 b0 01 48 83 c4 18 c3 cc cc cc cc cc cc cc
0x00007fff6901c57c:   cc cc cc cc 48 89 4c 24 08 48 81 ec f8 00 00 00
0x00007fff6901c58c:   48 c7 84 24 c8 00 00 00 fe ff ff ff 33 d2 48 8d
0x00007fff6901c59c:   8c 24 d0 00 00 00 e8 a9 01 f9 ff 48 8d 8c 24 d0
0x00007fff6901c5ac:   00 00 00 e8 fc 02 f9 ff 48 89 44 24 50 48 8d 05
0x00007fff6901c5bc:   80 64 12 00 48 89 44 24 28 48 8d 05 28 56 12 00
0x00007fff6901c5cc:   48 89 44 24 20 45 33 c9 45 33 c0 33 d2 33 c9 e8
0x00007fff6901c5dc:   50 8f 01 00 83 f8 01 75 03 cc 33 c0 48 83 bc 24
0x00007fff6901c5ec:   00 01 00 00 00 74 12 48 8b 84 24 00 01 00 00 48
0x00007fff6901c5fc:   8b 00 48 89 44 24 58 eb 09 48 c7 44 24 58 00 00
0x00007fff6901c60c:   00 00 48 8b 44 24 58 48 89 44 24 60 48 8b 05 99
0x00007fff6901c61c:   dc 17 00 48 89 44 24 40 eb 0d 48 8b 44 24 40 48
0x00007fff6901c62c:   8b 00 48 89 44 24 40 48 83 7c 24 40 00 0f 84 ab
0x00007fff6901c63c:   03 00 00 48 8b 44 24 60 48 39 44 24 40 0f 84 9b
0x00007fff6901c64c:   03 00 00 48 8b 44 24 40 8b 40 1c 25 ff ff 00 00 


Stack slot to memory mapping:
stack at sp + 0 slots: 0x000000007d048b38 is an unknown value
stack at sp + 1 slots: 0x000000007d048b40 is an unknown value
stack at sp + 2 slots: 0x0000000000000011 is an unknown value
stack at sp + 3 slots: 0x00007fff6901d80d ucrtbased.dll
stack at sp + 4 slots: 0x000000007d048b38 is an unknown value
stack at sp + 5 slots: 0x72665f706f4f5fed is an unknown value
stack at sp + 6 slots: 0x0000000000000008 is an unknown value
stack at sp + 7 slots: 0x000000a562dff4d0 is pointing into the stack for thread: 0x000001b1698fc9e0


---------------  P R O C E S S  ---------------

Threads class SMR info:
_java_thread_list=0x000001b17d0cd600, length=13, elements={
0x000001b1698fc9e0, 0x000001b17cdfa7a0, 0x000001b17cdfb620, 0x000001b17ce0fa70,
0x000001b17ce12540, 0x000001b17ce13310, 0x000001b17ce141e0, 0x000001b17ce1a830,
0x000001b17ce22f00, 0x000001b17ce2e8f0, 0x000001b17d000d20, 0x000001b17d0d4320,
0x000001b17d0d4800
}

Java Threads: ( => current thread )
=>0x000001b1698fc9e0 JavaThread "main" [_thread_in_native, id=7292, stack(0x000000a562d00000,0x000000a562e00000)]
  0x000001b17cdfa7a0 JavaThread "Reference Handler" daemon [_thread_blocked, id=5988, stack(0x000000a563400000,0x000000a563500000)]
  0x000001b17cdfb620 JavaThread "Finalizer" daemon [_thread_blocked, id=3840, stack(0x000000a563500000,0x000000a563600000)]
  0x000001b17ce0fa70 JavaThread "Signal Dispatcher" daemon [_thread_blocked, id=2632, stack(0x000000a563600000,0x000000a563700000)]
  0x000001b17ce12540 JavaThread "Attach Listener" daemon [_thread_blocked, id=3980, stack(0x000000a563700000,0x000000a563800000)]
  0x000001b17ce13310 JavaThread "Service Thread" daemon [_thread_blocked, id=8116, stack(0x000000a563800000,0x000000a563900000)]
  0x000001b17ce141e0 JavaThread "Monitor Deflation Thread" daemon [_thread_blocked, id=5708, stack(0x000000a563900000,0x000000a563a00000)]
  0x000001b17ce1a830 JavaThread "C2 CompilerThread0" daemon [_thread_blocked, id=11720, stack(0x000000a563a00000,0x000000a563b00000)]
  0x000001b17ce22f00 JavaThread "C1 CompilerThread0" daemon [_thread_blocked, id=6056, stack(0x000000a563b00000,0x000000a563c00000)]
  0x000001b17ce2e8f0 JavaThread "Sweeper thread" daemon [_thread_blocked, id=11660, stack(0x000000a563c00000,0x000000a563d00000)]
  0x000001b17d000d20 JavaThread "Common-Cleaner" daemon [_thread_blocked, id=11676, stack(0x000000a563d00000,0x000000a563e00000)]
  0x000001b17d0d4320 JavaThread "Monitor Ctrl-Break" daemon [_thread_in_native, id=5528, stack(0x000000a563e00000,0x000000a563f00000)]
  0x000001b17d0d4800 JavaThread "Notification Thread" daemon [_thread_blocked, id=9304, stack(0x000000a563f00000,0x000000a564000000)]

Other Threads:
  0x000001b17cdf2ec0 VMThread "VM Thread" [stack: 0x000000a563300000,0x000000a563400000] [id=3388]
  0x000001b17d13a560 WatcherThread [stack: 0x000000a564000000,0x000000a564100000] [id=2000]
  0x000001b169965390 GCTaskThread "GC Thread#0" [stack: 0x000000a562e00000,0x000000a562f00000] [id=692]
  0x000001b1677cdf20 ConcurrentGCThread "G1 Main Marker" [stack: 0x000000a562f00000,0x000000a563000000] [id=4196]
  0x000001b169972980 ConcurrentGCThread "G1 Conc#0" [stack: 0x000000a563000000,0x000000a563100000] [id=1788]
  0x000001b17ccab510 ConcurrentGCThread "G1 Refine#0" [stack: 0x000000a563100000,0x000000a563200000] [id=5564]
  0x000001b17ccabe50 ConcurrentGCThread "G1 Service" [stack: 0x000000a563200000,0x000000a563300000] [id=1620]

Threads with active compile tasks:

VM state: not at safepoint (normal execution)

VM Mutex/Monitor currently owned by a thread: None

Heap address: 0x0000000701400000, size: 4076 MB, Compressed Oops mode: Zero based, Oop shift amount: 3

CDS archive(s) mapped at: [0x000001b10f000000-0x000001b10fbd0000-0x000001b10fbd0000), size 12386304, SharedBaseAddress: 0x000001b10f000000, ArchiveRelocationMode: 1.
Compressed class space mapped at: 0x000001b110000000-0x000001b150000000, reserved size: 1073741824
Narrow klass base: 0x000001b10f000000, Narrow klass shift: 0, Narrow klass range: 0x100000000

GC Precious Log:
 CPUs: 4 total, 4 available
 Memory: 16302M
 Large Page Support: Disabled
 NUMA Support: Disabled
 Compressed Oops: Enabled (Zero based)
 Heap Region Size: 2M
 Heap Min Capacity: 8M
 Heap Initial Capacity: 256M
 Heap Max Capacity: 4076M
 Pre-touch: Disabled
 Parallel Workers: 4
 Concurrent Workers: 1
 Concurrent Refinement Workers: 4
 Periodic GC: Disabled

Heap:
 garbage-first heap   total 262144K, used 2048K [0x0000000701400000, 0x0000000800000000)
  region size 2048K, 2 young (4096K), 0 survivors (0K)
 Metaspace       used 698K, committed 832K, reserved 1114112K
  class space    used 55K, committed 128K, reserved 1048576K

Heap Regions: E=young(eden), S=young(survivor), O=old, HS=humongous(starts), HC=humongous(continues), CS=collection set, F=free, OA=open archive, CA=closed archive, TAMS=top-at-mark-start (previous, next)
|   0|0x0000000701400000, 0x0000000701400000, 0x0000000701600000|  0%| F|  |TAMS 0x0000000701400000, 0x0000000701400000| Untracked 
|   1|0x0000000701600000, 0x0000000701600000, 0x0000000701800000|  0%| F|  |TAMS 0x0000000701600000, 0x0000000701600000| Untracked 
|   2|0x0000000701800000, 0x0000000701800000, 0x0000000701a00000|  0%| F|  |TAMS 0x0000000701800000, 0x0000000701800000| Untracked 
|   3|0x0000000701a00000, 0x0000000701a00000, 0x0000000701c00000|  0%| F|  |TAMS 0x0000000701a00000, 0x0000000701a00000| Untracked 
|   4|0x0000000701c00000, 0x0000000701c00000, 0x0000000701e00000|  0%| F|  |TAMS 0x0000000701c00000, 0x0000000701c00000| Untracked 
|   5|0x0000000701e00000, 0x0000000701e00000, 0x0000000702000000|  0%| F|  |TAMS 0x0000000701e00000, 0x0000000701e00000| Untracked 
|   6|0x0000000702000000, 0x0000000702000000, 0x0000000702200000|  0%| F|  |TAMS 0x0000000702000000, 0x0000000702000000| Untracked 
|   7|0x0000000702200000, 0x0000000702200000, 0x0000000702400000|  0%| F|  |TAMS 0x0000000702200000, 0x0000000702200000| Untracked 
|   8|0x0000000702400000, 0x0000000702400000, 0x0000000702600000|  0%| F|  |TAMS 0x0000000702400000, 0x0000000702400000| Untracked 
|   9|0x0000000702600000, 0x0000000702600000, 0x0000000702800000|  0%| F|  |TAMS 0x0000000702600000, 0x0000000702600000| Untracked 
|  10|0x0000000702800000, 0x0000000702800000, 0x0000000702a00000|  0%| F|  |TAMS 0x0000000702800000, 0x0000000702800000| Untracked 
|  11|0x0000000702a00000, 0x0000000702a00000, 0x0000000702c00000|  0%| F|  |TAMS 0x0000000702a00000, 0x0000000702a00000| Untracked 
|  12|0x0000000702c00000, 0x0000000702c00000, 0x0000000702e00000|  0%| F|  |TAMS 0x0000000702c00000, 0x0000000702c00000| Untracked 
|  13|0x0000000702e00000, 0x0000000702e00000, 0x0000000703000000|  0%| F|  |TAMS 0x0000000702e00000, 0x0000000702e00000| Untracked 
|  14|0x0000000703000000, 0x0000000703000000, 0x0000000703200000|  0%| F|  |TAMS 0x0000000703000000, 0x0000000703000000| Untracked 
|  15|0x0000000703200000, 0x0000000703200000, 0x0000000703400000|  0%| F|  |TAMS 0x0000000703200000, 0x0000000703200000| Untracked 
|  16|0x0000000703400000, 0x0000000703400000, 0x0000000703600000|  0%| F|  |TAMS 0x0000000703400000, 0x0000000703400000| Untracked 
|  17|0x0000000703600000, 0x0000000703600000, 0x0000000703800000|  0%| F|  |TAMS 0x0000000703600000, 0x0000000703600000| Untracked 
|  18|0x0000000703800000, 0x0000000703800000, 0x0000000703a00000|  0%| F|  |TAMS 0x0000000703800000, 0x0000000703800000| Untracked 
|  19|0x0000000703a00000, 0x0000000703a00000, 0x0000000703c00000|  0%| F|  |TAMS 0x0000000703a00000, 0x0000000703a00000| Untracked 
|  20|0x0000000703c00000, 0x0000000703c00000, 0x0000000703e00000|  0%| F|  |TAMS 0x0000000703c00000, 0x0000000703c00000| Untracked 
|  21|0x0000000703e00000, 0x0000000703e00000, 0x0000000704000000|  0%| F|  |TAMS 0x0000000703e00000, 0x0000000703e00000| Untracked 
|  22|0x0000000704000000, 0x0000000704000000, 0x0000000704200000|  0%| F|  |TAMS 0x0000000704000000, 0x0000000704000000| Untracked 
|  23|0x0000000704200000, 0x0000000704200000, 0x0000000704400000|  0%| F|  |TAMS 0x0000000704200000, 0x0000000704200000| Untracked 
|  24|0x0000000704400000, 0x0000000704400000, 0x0000000704600000|  0%| F|  |TAMS 0x0000000704400000, 0x0000000704400000| Untracked 
|  25|0x0000000704600000, 0x0000000704600000, 0x0000000704800000|  0%| F|  |TAMS 0x0000000704600000, 0x0000000704600000| Untracked 
|  26|0x0000000704800000, 0x0000000704800000, 0x0000000704a00000|  0%| F|  |TAMS 0x0000000704800000, 0x0000000704800000| Untracked 
|  27|0x0000000704a00000, 0x0000000704a00000, 0x0000000704c00000|  0%| F|  |TAMS 0x0000000704a00000, 0x0000000704a00000| Untracked 
|  28|0x0000000704c00000, 0x0000000704c00000, 0x0000000704e00000|  0%| F|  |TAMS 0x0000000704c00000, 0x0000000704c00000| Untracked 
|  29|0x0000000704e00000, 0x0000000704e00000, 0x0000000705000000|  0%| F|  |TAMS 0x0000000704e00000, 0x0000000704e00000| Untracked 
|  30|0x0000000705000000, 0x0000000705000000, 0x0000000705200000|  0%| F|  |TAMS 0x0000000705000000, 0x0000000705000000| Untracked 
|  31|0x0000000705200000, 0x0000000705200000, 0x0000000705400000|  0%| F|  |TAMS 0x0000000705200000, 0x0000000705200000| Untracked 
|  32|0x0000000705400000, 0x0000000705400000, 0x0000000705600000|  0%| F|  |TAMS 0x0000000705400000, 0x0000000705400000| Untracked 
|  33|0x0000000705600000, 0x0000000705600000, 0x0000000705800000|  0%| F|  |TAMS 0x0000000705600000, 0x0000000705600000| Untracked 
|  34|0x0000000705800000, 0x0000000705800000, 0x0000000705a00000|  0%| F|  |TAMS 0x0000000705800000, 0x0000000705800000| Untracked 
|  35|0x0000000705a00000, 0x0000000705a00000, 0x0000000705c00000|  0%| F|  |TAMS 0x0000000705a00000, 0x0000000705a00000| Untracked 
|  36|0x0000000705c00000, 0x0000000705c00000, 0x0000000705e00000|  0%| F|  |TAMS 0x0000000705c00000, 0x0000000705c00000| Untracked 
|  37|0x0000000705e00000, 0x0000000705e00000, 0x0000000706000000|  0%| F|  |TAMS 0x0000000705e00000, 0x0000000705e00000| Untracked 
|  38|0x0000000706000000, 0x0000000706000000, 0x0000000706200000|  0%| F|  |TAMS 0x0000000706000000, 0x0000000706000000| Untracked 
|  39|0x0000000706200000, 0x0000000706200000, 0x0000000706400000|  0%| F|  |TAMS 0x0000000706200000, 0x0000000706200000| Untracked 
|  40|0x0000000706400000, 0x0000000706400000, 0x0000000706600000|  0%| F|  |TAMS 0x0000000706400000, 0x0000000706400000| Untracked 
|  41|0x0000000706600000, 0x0000000706600000, 0x0000000706800000|  0%| F|  |TAMS 0x0000000706600000, 0x0000000706600000| Untracked 
|  42|0x0000000706800000, 0x0000000706800000, 0x0000000706a00000|  0%| F|  |TAMS 0x0000000706800000, 0x0000000706800000| Untracked 
|  43|0x0000000706a00000, 0x0000000706a00000, 0x0000000706c00000|  0%| F|  |TAMS 0x0000000706a00000, 0x0000000706a00000| Untracked 
|  44|0x0000000706c00000, 0x0000000706c00000, 0x0000000706e00000|  0%| F|  |TAMS 0x0000000706c00000, 0x0000000706c00000| Untracked 
|  45|0x0000000706e00000, 0x0000000706e00000, 0x0000000707000000|  0%| F|  |TAMS 0x0000000706e00000, 0x0000000706e00000| Untracked 
|  46|0x0000000707000000, 0x0000000707000000, 0x0000000707200000|  0%| F|  |TAMS 0x0000000707000000, 0x0000000707000000| Untracked 
|  47|0x0000000707200000, 0x0000000707200000, 0x0000000707400000|  0%| F|  |TAMS 0x0000000707200000, 0x0000000707200000| Untracked 
|  48|0x0000000707400000, 0x0000000707400000, 0x0000000707600000|  0%| F|  |TAMS 0x0000000707400000, 0x0000000707400000| Untracked 
|  49|0x0000000707600000, 0x0000000707600000, 0x0000000707800000|  0%| F|  |TAMS 0x0000000707600000, 0x0000000707600000| Untracked 
|  50|0x0000000707800000, 0x0000000707800000, 0x0000000707a00000|  0%| F|  |TAMS 0x0000000707800000, 0x0000000707800000| Untracked 
|  51|0x0000000707a00000, 0x0000000707a00000, 0x0000000707c00000|  0%| F|  |TAMS 0x0000000707a00000, 0x0000000707a00000| Untracked 
|  52|0x0000000707c00000, 0x0000000707c00000, 0x0000000707e00000|  0%| F|  |TAMS 0x0000000707c00000, 0x0000000707c00000| Untracked 
|  53|0x0000000707e00000, 0x0000000707e00000, 0x0000000708000000|  0%| F|  |TAMS 0x0000000707e00000, 0x0000000707e00000| Untracked 
|  54|0x0000000708000000, 0x0000000708000000, 0x0000000708200000|  0%| F|  |TAMS 0x0000000708000000, 0x0000000708000000| Untracked 
|  55|0x0000000708200000, 0x0000000708200000, 0x0000000708400000|  0%| F|  |TAMS 0x0000000708200000, 0x0000000708200000| Untracked 
|  56|0x0000000708400000, 0x0000000708400000, 0x0000000708600000|  0%| F|  |TAMS 0x0000000708400000, 0x0000000708400000| Untracked 
|  57|0x0000000708600000, 0x0000000708600000, 0x0000000708800000|  0%| F|  |TAMS 0x0000000708600000, 0x0000000708600000| Untracked 
|  58|0x0000000708800000, 0x0000000708800000, 0x0000000708a00000|  0%| F|  |TAMS 0x0000000708800000, 0x0000000708800000| Untracked 
|  59|0x0000000708a00000, 0x0000000708a00000, 0x0000000708c00000|  0%| F|  |TAMS 0x0000000708a00000, 0x0000000708a00000| Untracked 
|  60|0x0000000708c00000, 0x0000000708c00000, 0x0000000708e00000|  0%| F|  |TAMS 0x0000000708c00000, 0x0000000708c00000| Untracked 
|  61|0x0000000708e00000, 0x0000000708e00000, 0x0000000709000000|  0%| F|  |TAMS 0x0000000708e00000, 0x0000000708e00000| Untracked 
|  62|0x0000000709000000, 0x0000000709000000, 0x0000000709200000|  0%| F|  |TAMS 0x0000000709000000, 0x0000000709000000| Untracked 
|  63|0x0000000709200000, 0x0000000709200000, 0x0000000709400000|  0%| F|  |TAMS 0x0000000709200000, 0x0000000709200000| Untracked 
|  64|0x0000000709400000, 0x0000000709400000, 0x0000000709600000|  0%| F|  |TAMS 0x0000000709400000, 0x0000000709400000| Untracked 
|  65|0x0000000709600000, 0x0000000709600000, 0x0000000709800000|  0%| F|  |TAMS 0x0000000709600000, 0x0000000709600000| Untracked 
|  66|0x0000000709800000, 0x0000000709800000, 0x0000000709a00000|  0%| F|  |TAMS 0x0000000709800000, 0x0000000709800000| Untracked 
|  67|0x0000000709a00000, 0x0000000709a00000, 0x0000000709c00000|  0%| F|  |TAMS 0x0000000709a00000, 0x0000000709a00000| Untracked 
|  68|0x0000000709c00000, 0x0000000709c00000, 0x0000000709e00000|  0%| F|  |TAMS 0x0000000709c00000, 0x0000000709c00000| Untracked 
|  69|0x0000000709e00000, 0x0000000709e00000, 0x000000070a000000|  0%| F|  |TAMS 0x0000000709e00000, 0x0000000709e00000| Untracked 
|  70|0x000000070a000000, 0x000000070a000000, 0x000000070a200000|  0%| F|  |TAMS 0x000000070a000000, 0x000000070a000000| Untracked 
|  71|0x000000070a200000, 0x000000070a200000, 0x000000070a400000|  0%| F|  |TAMS 0x000000070a200000, 0x000000070a200000| Untracked 
|  72|0x000000070a400000, 0x000000070a400000, 0x000000070a600000|  0%| F|  |TAMS 0x000000070a400000, 0x000000070a400000| Untracked 
|  73|0x000000070a600000, 0x000000070a600000, 0x000000070a800000|  0%| F|  |TAMS 0x000000070a600000, 0x000000070a600000| Untracked 
|  74|0x000000070a800000, 0x000000070a800000, 0x000000070aa00000|  0%| F|  |TAMS 0x000000070a800000, 0x000000070a800000| Untracked 
|  75|0x000000070aa00000, 0x000000070aa00000, 0x000000070ac00000|  0%| F|  |TAMS 0x000000070aa00000, 0x000000070aa00000| Untracked 
|  76|0x000000070ac00000, 0x000000070ac00000, 0x000000070ae00000|  0%| F|  |TAMS 0x000000070ac00000, 0x000000070ac00000| Untracked 
|  77|0x000000070ae00000, 0x000000070ae00000, 0x000000070b000000|  0%| F|  |TAMS 0x000000070ae00000, 0x000000070ae00000| Untracked 
|  78|0x000000070b000000, 0x000000070b000000, 0x000000070b200000|  0%| F|  |TAMS 0x000000070b000000, 0x000000070b000000| Untracked 
|  79|0x000000070b200000, 0x000000070b200000, 0x000000070b400000|  0%| F|  |TAMS 0x000000070b200000, 0x000000070b200000| Untracked 
|  80|0x000000070b400000, 0x000000070b400000, 0x000000070b600000|  0%| F|  |TAMS 0x000000070b400000, 0x000000070b400000| Untracked 
|  81|0x000000070b600000, 0x000000070b600000, 0x000000070b800000|  0%| F|  |TAMS 0x000000070b600000, 0x000000070b600000| Untracked 
|  82|0x000000070b800000, 0x000000070b800000, 0x000000070ba00000|  0%| F|  |TAMS 0x000000070b800000, 0x000000070b800000| Untracked 
|  83|0x000000070ba00000, 0x000000070ba00000, 0x000000070bc00000|  0%| F|  |TAMS 0x000000070ba00000, 0x000000070ba00000| Untracked 
|  84|0x000000070bc00000, 0x000000070bc00000, 0x000000070be00000|  0%| F|  |TAMS 0x000000070bc00000, 0x000000070bc00000| Untracked 
|  85|0x000000070be00000, 0x000000070be00000, 0x000000070c000000|  0%| F|  |TAMS 0x000000070be00000, 0x000000070be00000| Untracked 
|  86|0x000000070c000000, 0x000000070c000000, 0x000000070c200000|  0%| F|  |TAMS 0x000000070c000000, 0x000000070c000000| Untracked 
|  87|0x000000070c200000, 0x000000070c200000, 0x000000070c400000|  0%| F|  |TAMS 0x000000070c200000, 0x000000070c200000| Untracked 
|  88|0x000000070c400000, 0x000000070c400000, 0x000000070c600000|  0%| F|  |TAMS 0x000000070c400000, 0x000000070c400000| Untracked 
|  89|0x000000070c600000, 0x000000070c600000, 0x000000070c800000|  0%| F|  |TAMS 0x000000070c600000, 0x000000070c600000| Untracked 
|  90|0x000000070c800000, 0x000000070c800000, 0x000000070ca00000|  0%| F|  |TAMS 0x000000070c800000, 0x000000070c800000| Untracked 
|  91|0x000000070ca00000, 0x000000070ca00000, 0x000000070cc00000|  0%| F|  |TAMS 0x000000070ca00000, 0x000000070ca00000| Untracked 
|  92|0x000000070cc00000, 0x000000070cc00000, 0x000000070ce00000|  0%| F|  |TAMS 0x000000070cc00000, 0x000000070cc00000| Untracked 
|  93|0x000000070ce00000, 0x000000070ce00000, 0x000000070d000000|  0%| F|  |TAMS 0x000000070ce00000, 0x000000070ce00000| Untracked 
|  94|0x000000070d000000, 0x000000070d000000, 0x000000070d200000|  0%| F|  |TAMS 0x000000070d000000, 0x000000070d000000| Untracked 
|  95|0x000000070d200000, 0x000000070d200000, 0x000000070d400000|  0%| F|  |TAMS 0x000000070d200000, 0x000000070d200000| Untracked 
|  96|0x000000070d400000, 0x000000070d400000, 0x000000070d600000|  0%| F|  |TAMS 0x000000070d400000, 0x000000070d400000| Untracked 
|  97|0x000000070d600000, 0x000000070d600000, 0x000000070d800000|  0%| F|  |TAMS 0x000000070d600000, 0x000000070d600000| Untracked 
|  98|0x000000070d800000, 0x000000070d800000, 0x000000070da00000|  0%| F|  |TAMS 0x000000070d800000, 0x000000070d800000| Untracked 
|  99|0x000000070da00000, 0x000000070da00000, 0x000000070dc00000|  0%| F|  |TAMS 0x000000070da00000, 0x000000070da00000| Untracked 
| 100|0x000000070dc00000, 0x000000070dc00000, 0x000000070de00000|  0%| F|  |TAMS 0x000000070dc00000, 0x000000070dc00000| Untracked 
| 101|0x000000070de00000, 0x000000070de00000, 0x000000070e000000|  0%| F|  |TAMS 0x000000070de00000, 0x000000070de00000| Untracked 
| 102|0x000000070e000000, 0x000000070e000000, 0x000000070e200000|  0%| F|  |TAMS 0x000000070e000000, 0x000000070e000000| Untracked 
| 103|0x000000070e200000, 0x000000070e200000, 0x000000070e400000|  0%| F|  |TAMS 0x000000070e200000, 0x000000070e200000| Untracked 
| 104|0x000000070e400000, 0x000000070e400000, 0x000000070e600000|  0%| F|  |TAMS 0x000000070e400000, 0x000000070e400000| Untracked 
| 105|0x000000070e600000, 0x000000070e600000, 0x000000070e800000|  0%| F|  |TAMS 0x000000070e600000, 0x000000070e600000| Untracked 
| 106|0x000000070e800000, 0x000000070e800000, 0x000000070ea00000|  0%| F|  |TAMS 0x000000070e800000, 0x000000070e800000| Untracked 
| 107|0x000000070ea00000, 0x000000070ea00000, 0x000000070ec00000|  0%| F|  |TAMS 0x000000070ea00000, 0x000000070ea00000| Untracked 
| 108|0x000000070ec00000, 0x000000070ec00000, 0x000000070ee00000|  0%| F|  |TAMS 0x000000070ec00000, 0x000000070ec00000| Untracked 
| 109|0x000000070ee00000, 0x000000070ee00000, 0x000000070f000000|  0%| F|  |TAMS 0x000000070ee00000, 0x000000070ee00000| Untracked 
| 110|0x000000070f000000, 0x000000070f000000, 0x000000070f200000|  0%| F|  |TAMS 0x000000070f000000, 0x000000070f000000| Untracked 
| 111|0x000000070f200000, 0x000000070f200000, 0x000000070f400000|  0%| F|  |TAMS 0x000000070f200000, 0x000000070f200000| Untracked 
| 112|0x000000070f400000, 0x000000070f400000, 0x000000070f600000|  0%| F|  |TAMS 0x000000070f400000, 0x000000070f400000| Untracked 
| 113|0x000000070f600000, 0x000000070f600000, 0x000000070f800000|  0%| F|  |TAMS 0x000000070f600000, 0x000000070f600000| Untracked 
| 114|0x000000070f800000, 0x000000070f800000, 0x000000070fa00000|  0%| F|  |TAMS 0x000000070f800000, 0x000000070f800000| Untracked 
| 115|0x000000070fa00000, 0x000000070fa00000, 0x000000070fc00000|  0%| F|  |TAMS 0x000000070fa00000, 0x000000070fa00000| Untracked 
| 116|0x000000070fc00000, 0x000000070fc00000, 0x000000070fe00000|  0%| F|  |TAMS 0x000000070fc00000, 0x000000070fc00000| Untracked 
| 117|0x000000070fe00000, 0x000000070fe00000, 0x0000000710000000|  0%| F|  |TAMS 0x000000070fe00000, 0x000000070fe00000| Untracked 
| 118|0x0000000710000000, 0x0000000710000000, 0x0000000710200000|  0%| F|  |TAMS 0x0000000710000000, 0x0000000710000000| Untracked 
| 119|0x0000000710200000, 0x0000000710200000, 0x0000000710400000|  0%| F|  |TAMS 0x0000000710200000, 0x0000000710200000| Untracked 
| 120|0x0000000710400000, 0x0000000710400000, 0x0000000710600000|  0%| F|  |TAMS 0x0000000710400000, 0x0000000710400000| Untracked 
| 121|0x0000000710600000, 0x0000000710600000, 0x0000000710800000|  0%| F|  |TAMS 0x0000000710600000, 0x0000000710600000| Untracked 
| 122|0x0000000710800000, 0x0000000710800000, 0x0000000710a00000|  0%| F|  |TAMS 0x0000000710800000, 0x0000000710800000| Untracked 
| 123|0x0000000710a00000, 0x0000000710a00000, 0x0000000710c00000|  0%| F|  |TAMS 0x0000000710a00000, 0x0000000710a00000| Untracked 
| 124|0x0000000710c00000, 0x0000000710c00000, 0x0000000710e00000|  0%| F|  |TAMS 0x0000000710c00000, 0x0000000710c00000| Untracked 
| 125|0x0000000710e00000, 0x0000000710e00000, 0x0000000711000000|  0%| F|  |TAMS 0x0000000710e00000, 0x0000000710e00000| Untracked 
| 126|0x0000000711000000, 0x000000071103df20, 0x0000000711200000| 12%| E|  |TAMS 0x0000000711000000, 0x0000000711000000| Complete 
| 127|0x0000000711200000, 0x0000000711400000, 0x0000000711400000|100%| E|CS|TAMS 0x0000000711200000, 0x0000000711200000| Complete 

Card table byte_map: [0x000001b1719b0000,0x000001b1721b0000] _byte_map_base: 0x000001b16e1a6000

Marking Bits (Prev, Next): (CMBitMap*) 0x000001b1699659b0, (CMBitMap*) 0x000001b1699659f0
 Prev Bits: [0x000001b1729b0000, 0x000001b176960000)
 Next Bits: [0x000001b176960000, 0x000001b17a910000)

Polling page: 0x000001b1690d0000

Metaspace:

Usage:
  Non-class:    643.29 KB used.
      Class:     55.23 KB used.
       Both:    698.52 KB used.

Virtual space:
  Non-class space:       64.00 MB reserved,     704.00 KB (  1%) committed,  1 nodes.
      Class space:        1.00 GB reserved,     128.00 KB ( <1%) committed,  1 nodes.
             Both:        1.06 GB reserved,     832.00 KB ( <1%) committed. 

Chunk freelists:
   Non-Class:  11.97 MB
       Class:  15.74 MB
        Both:  27.71 MB

MaxMetaspaceSize: unlimited
CompressedClassSpaceSize: 1.00 GB
Initial GC threshold: 21.00 MB
Current GC threshold: 21.00 MB
CDS: on
MetaspaceReclaimPolicy: balanced
 - commit_granule_bytes: 65536.
 - commit_granule_words: 8192.
 - virtual_space_node_default_size: 8388608.
 - enlarge_chunks_in_place: 1.
 - new_chunks_are_fully_committed: 0.
 - uncommit_free_chunks: 1.
 - use_allocation_guard: 0.
 - handle_deallocations: 1.


Internal statistics:

num_allocs_failed_limit: 0.
num_arena_births: 10.
num_arena_deaths: 0.
num_vsnodes_births: 2.
num_vsnodes_deaths: 0.
num_space_committed: 13.
num_space_uncommitted: 0.
num_chunks_returned_to_freelist: 0.
num_chunks_taken_from_freelist: 15.
num_chunk_merges: 0.
num_chunk_splits: 9.
num_chunks_enlarged: 4.
num_inconsistent_stats: 0.

CodeHeap 'non-profiled nmethods': size=120000Kb used=59Kb max_used=59Kb free=119941Kb
 bounds [0x000001b107ad0000, 0x000001b107d40000, 0x000001b10f000000]
CodeHeap 'profiled nmethods': size=120000Kb used=206Kb max_used=206Kb free=119793Kb
 bounds [0x000001b100000000, 0x000001b100270000, 0x000001b107530000]
CodeHeap 'non-nmethods': size=5760Kb used=1120Kb max_used=1127Kb free=4639Kb
 bounds [0x000001b107530000, 0x000001b1077a0000, 0x000001b107ad0000]
 total_blobs=590 nmethods=189 adapters=314
 compilation: enabled
              stopped_count=0, restarted_count=0
 full_count=0

Compilation events (20 events):
Event: 0.102 Thread 0x000001b17ce22f00  173       3       java.lang.CharacterDataLatin1::toLowerCase (39 bytes)
Event: 0.102 Thread 0x000001b17ce22f00 nmethod 173 0x000001b10002ed90 code [0x000001b10002ef40, 0x000001b10002f198]
Event: 0.104 Thread 0x000001b17ce22f00  174       3       java.lang.String::checkBoundsBeginEnd (63 bytes)
Event: 0.104 Thread 0x000001b17ce22f00 nmethod 174 0x000001b10002f290 code [0x000001b10002f520, 0x000001b10002fe18]
Event: 0.104 Thread 0x000001b17ce22f00  175       3       java.util.zip.ZipUtils::CENEXT (9 bytes)
Event: 0.104 Thread 0x000001b17ce22f00 nmethod 175 0x000001b100030190 code [0x000001b100030320, 0x000001b1000304d8]
Event: 0.105 Thread 0x000001b17ce22f00  176       3       java.lang.String::substring (58 bytes)
Event: 0.105 Thread 0x000001b17ce22f00 nmethod 176 0x000001b100030610 code [0x000001b100030800, 0x000001b100030ca8]
Event: 0.112 Thread 0x000001b17ce22f00  177       3       java.lang.System::getSecurityManager (12 bytes)
Event: 0.112 Thread 0x000001b17ce22f00 nmethod 177 0x000001b100030e90 code [0x000001b100031020, 0x000001b1000311b8]
Event: 0.113 Thread 0x000001b17ce22f00  178       3       java.lang.System::allowSecurityManager (13 bytes)
Event: 0.113 Thread 0x000001b17ce22f00 nmethod 178 0x000001b100031290 code [0x000001b100031420, 0x000001b100031538]
Event: 0.113 Thread 0x000001b17ce22f00  179       3       java.lang.invoke.MemberName::isInvocable (8 bytes)
Event: 0.113 Thread 0x000001b17ce22f00 nmethod 179 0x000001b100031590 code [0x000001b100031740, 0x000001b1000319d8]
Event: 0.114 Thread 0x000001b17ce22f00  181       3       java.lang.AbstractStringBuilder::append (45 bytes)
Event: 0.115 Thread 0x000001b17ce22f00 nmethod 181 0x000001b100031b10 code [0x000001b100031ce0, 0x000001b100032028]
Event: 0.115 Thread 0x000001b17ce22f00  182       3       java.lang.Math::max (11 bytes)
Event: 0.115 Thread 0x000001b17ce22f00 nmethod 182 0x000001b100032190 code [0x000001b100032320, 0x000001b100032458]
Event: 0.118 Thread 0x000001b17ce1a830  183       4       java.lang.String::charAt (25 bytes)
Event: 0.119 Thread 0x000001b17ce1a830 nmethod 183 0x000001b107addf90 code [0x000001b107ade120, 0x000001b107ade208]

GC Heap History (0 events):
No events

Deoptimization events (0 events):
No events

Classes unloaded (0 events):
No events

Classes redefined (0 events):
No events

Internal exceptions (1 events):
Event: 0.114 Thread 0x000001b17d0d4320 Exception <a 'java/lang/NoSuchMethodError'{0x00000007113f3510}: 'java.lang.Object java.lang.invoke.DirectMethodHandle$Holder.invokeStaticInit(java.lang.Object)'> (0x00000007113f3510) 
thrown [s\open\src\hotspot\share\interpreter\linkResolver.cpp, line 759]

VM Operations (4 events):
Event: 0.063 Executing VM operation: HandshakeAllThreads
Event: 0.063 Executing VM operation: HandshakeAllThreads done
Event: 0.113 Executing VM operation: HandshakeAllThreads
Event: 0.113 Executing VM operation: HandshakeAllThreads done

Events (20 events):
Event: 0.117 loading class sun/net/NetProperties$1
Event: 0.117 loading class sun/net/NetProperties$1 done
Event: 0.119 loading class sun/nio/ch/NioSocketImpl
Event: 0.119 loading class sun/net/PlatformSocketImpl
Event: 0.119 loading class sun/net/PlatformSocketImpl done
Event: 0.120 loading class sun/nio/ch/NioSocketImpl done
Event: 0.120 loading class sun/nio/ch/SocketDispatcher
Event: 0.120 loading class sun/nio/ch/NativeDispatcher
Event: 0.120 loading class sun/nio/ch/NativeDispatcher done
Event: 0.120 loading class sun/nio/ch/SocketDispatcher done
Event: 0.120 loading class sun/nio/ch/IOUtil
Event: 0.120 loading class sun/nio/ch/IOUtil done
Event: 0.135 Loaded shared library C:\Users\Step\IdeaProjects\java-lesson\jni\build\Debug\mylib.dll
Event: 0.143 loading class java/net/SocksSocketImpl
Event: 0.143 loading class java/net/SocksConsts
Event: 0.143 loading class java/net/SocksConsts done
Event: 0.143 loading class java/net/DelegatingSocketImpl
Event: 0.144 loading class java/net/DelegatingSocketImpl done
Event: 0.144 loading class java/net/SocksSocketImpl done
Event: 0.144 loading class sun/nio/ch/Net


Dynamic libraries:
0x00007ff669b50000 - 0x00007ff669b60000 	C:\Program Files\Java\jdk-17\bin\java.exe
0x00007fffa31d0000 - 0x00007fffa33c8000 	C:\WINDOWS\SYSTEM32\ntdll.dll
0x00007fffa2b80000 - 0x00007fffa2c3d000 	C:\WINDOWS\System32\KERNEL32.DLL
0x00007fffa0c20000 - 0x00007fffa0f16000 	C:\WINDOWS\System32\KERNELBASE.dll
0x00007fffa0a70000 - 0x00007fffa0b70000 	C:\WINDOWS\System32\ucrtbase.dll
0x00007fff9c820000 - 0x00007fff9c83b000 	C:\Program Files\Java\jdk-17\bin\VCRUNTIME140.dll
0x00007fff88980000 - 0x00007fff88999000 	C:\Program Files\Java\jdk-17\bin\jli.dll
0x00007fffa1270000 - 0x00007fffa1320000 	C:\WINDOWS\System32\ADVAPI32.dll
0x00007fffa2fa0000 - 0x00007fffa303e000 	C:\WINDOWS\System32\msvcrt.dll
0x00007fffa2010000 - 0x00007fffa20b0000 	C:\WINDOWS\System32\sechost.dll
0x00007fffa2a20000 - 0x00007fffa2b43000 	C:\WINDOWS\System32\RPCRT4.dll
0x00007fffa08e0000 - 0x00007fffa0907000 	C:\WINDOWS\System32\bcrypt.dll
0x00007fffa1a90000 - 0x00007fffa1c2f000 	C:\WINDOWS\System32\USER32.dll
0x00007fffa10d0000 - 0x00007fffa10f2000 	C:\WINDOWS\System32\win32u.dll
0x00007fffa15e0000 - 0x00007fffa160b000 	C:\WINDOWS\System32\GDI32.dll
0x00007fffa0fb0000 - 0x00007fffa10c7000 	C:\WINDOWS\System32\gdi32full.dll
0x00007fff93370000 - 0x00007fff9360a000 	C:\WINDOWS\WinSxS\amd64_microsoft.windows.common-controls_6595b64144ccf1df_6.0.19041.4355_none_60b8b9eb71f62e16\COMCTL32.dll
0x00007fffa1170000 - 0x00007fffa120d000 	C:\WINDOWS\System32\msvcp_win.dll
0x00007fff97ed0000 - 0x00007fff97eda000 	C:\WINDOWS\SYSTEM32\VERSION.dll
0x00007fffa2b50000 - 0x00007fffa2b7f000 	C:\WINDOWS\System32\IMM32.DLL
0x00007fff9d110000 - 0x00007fff9d11c000 	C:\Program Files\Java\jdk-17\bin\vcruntime140_1.dll
0x00007fff739b0000 - 0x00007fff73a3e000 	C:\Program Files\Java\jdk-17\bin\msvcp140.dll
0x00007fff1b3b0000 - 0x00007fff1bf8f000 	C:\Program Files\Java\jdk-17\bin\server\jvm.dll
0x00007fffa1610000 - 0x00007fffa1618000 	C:\WINDOWS\System32\PSAPI.DLL
0x00007fff98f40000 - 0x00007fff98f67000 	C:\WINDOWS\SYSTEM32\WINMM.dll
0x00007fff9d150000 - 0x00007fff9d159000 	C:\WINDOWS\SYSTEM32\WSOCK32.dll
0x00007fffa2820000 - 0x00007fffa288b000 	C:\WINDOWS\System32\WS2_32.dll
0x00007fff9f0f0000 - 0x00007fff9f102000 	C:\WINDOWS\SYSTEM32\kernel.appcore.dll
0x00007fff838b0000 - 0x00007fff838ba000 	C:\Program Files\Java\jdk-17\bin\jimage.dll
0x00007fff9e460000 - 0x00007fff9e644000 	C:\WINDOWS\SYSTEM32\DBGHELP.DLL
0x00007fff696e0000 - 0x00007fff69714000 	C:\WINDOWS\SYSTEM32\dbgcore.DLL
0x00007fffa0f20000 - 0x00007fffa0fa2000 	C:\WINDOWS\System32\bcryptPrimitives.dll
0x00007fff80b60000 - 0x00007fff80b6e000 	C:\Program Files\Java\jdk-17\bin\instrument.dll
0x00007fff80b70000 - 0x00007fff80b95000 	C:\Program Files\Java\jdk-17\bin\java.dll
0x00007fff6b870000 - 0x00007fff6b947000 	C:\Program Files\Java\jdk-17\bin\jsvml.dll
0x00007fffa20b0000 - 0x00007fffa281c000 	C:\WINDOWS\System32\SHELL32.dll
0x00007fff9e8d0000 - 0x00007fff9f06d000 	C:\WINDOWS\SYSTEM32\windows.storage.dll
0x00007fffa2c40000 - 0x00007fffa2f93000 	C:\WINDOWS\System32\combase.dll
0x00007fffa01e0000 - 0x00007fffa020e000 	C:\WINDOWS\SYSTEM32\Wldp.dll
0x00007fffa1e50000 - 0x00007fffa1f1d000 	C:\WINDOWS\System32\OLEAUT32.dll
0x00007fffa1530000 - 0x00007fffa15dd000 	C:\WINDOWS\System32\SHCORE.dll
0x00007fffa1c40000 - 0x00007fffa1c95000 	C:\WINDOWS\System32\shlwapi.dll
0x00007fffa07c0000 - 0x00007fffa07e4000 	C:\WINDOWS\SYSTEM32\profapi.dll
0x00007fff80b40000 - 0x00007fff80b58000 	C:\Program Files\Java\jdk-17\bin\zip.dll
0x00007fff7ffa0000 - 0x00007fff7ffb9000 	C:\Program Files\Java\jdk-17\bin\net.dll
0x00007fff9a6f0000 - 0x00007fff9a7fa000 	C:\WINDOWS\SYSTEM32\WINHTTP.dll
0x00007fff9ff40000 - 0x00007fff9ffaa000 	C:\WINDOWS\system32\mswsock.dll
0x00007fff7ff80000 - 0x00007fff7ff96000 	C:\Program Files\Java\jdk-17\bin\nio.dll
0x00007fff760f0000 - 0x00007fff7610a000 	C:\Users\Step\AppData\Local\JetBrains\IntelliJ IDEA Community Edition 2023.3.6\bin\breakgen64.dll
0x00007fff760d0000 - 0x00007fff760e2000 	C:\Users\Step\IdeaProjects\java-lesson\jni\build\Debug\mylib.dll
0x00007fff74c00000 - 0x00007fff74c2e000 	C:\WINDOWS\SYSTEM32\VCRUNTIME140D.dll
0x00007fff68f90000 - 0x00007fff691b1000 	C:\WINDOWS\SYSTEM32\ucrtbased.dll

dbghelp: loaded successfully - version: 4.0.5 - missing functions: none
symbol engine: initialized successfully - sym options: 0x614 - pdb path: .;C:\Program Files\Java\jdk-17\bin;C:\WINDOWS\SYSTEM32;C:\WINDOWS\WinSxS\amd64_microsoft.windows.common-controls_6595b64144ccf1df_6.0.19041.4355_none_60b8b9eb71f62e16;C:\Program Files\Java\jdk-17\bin\server;C:\Users\Step\AppData\Local\JetBrains\IntelliJ IDEA Community Edition 2023.3.6\bin;C:\Users\Step\IdeaProjects\java-lesson\jni\build\Debug

VM Arguments:
jvm_args: -javaagent:C:\Users\Step\AppData\Local\JetBrains\IntelliJ IDEA Community Edition 2023.3.6\lib\idea_rt.jar=50509:C:\Users\Step\AppData\Local\JetBrains\IntelliJ IDEA Community Edition 2023.3.6\bin -Dfile.encoding=UTF-8 
java_command: oop.Oop
java_class_path (initial): C:\Users\Step\IdeaProjects\java-lesson\out\production\java-lesson;C:\Users\Step\.m2\repository\org\jetbrains\annotations\24.0.0\annotations-24.0.0.jar
Launcher Type: SUN_STANDARD

[Global flags]
     intx CICompilerCount                          = 3                                         {product} {ergonomic}
     uint ConcGCThreads                            = 1                                         {product} {ergonomic}
     uint G1ConcRefinementThreads                  = 4                                         {product} {ergonomic}
   size_t G1HeapRegionSize                         = 2097152                                   {product} {ergonomic}
    uintx GCDrainStackTargetSize                   = 64                                        {product} {ergonomic}
   size_t InitialHeapSize                          = 268435456                                 {product} {ergonomic}
   size_t MarkStackSize                            = 4194304                                   {product} {ergonomic}
   size_t MaxHeapSize                              = 4273995776                                {product} {ergonomic}
   size_t MaxNewSize                               = 2562719744                                {product} {ergonomic}
   size_t MinHeapDeltaBytes                        = 2097152                                   {product} {ergonomic}
   size_t MinHeapSize                              = 8388608                                   {product} {ergonomic}
    uintx NonNMethodCodeHeapSize                   = 5832780                                {pd product} {ergonomic}
    uintx NonProfiledCodeHeapSize                  = 122912730                              {pd product} {ergonomic}
    uintx ProfiledCodeHeapSize                     = 122912730                              {pd product} {ergonomic}
    uintx ReservedCodeCacheSize                    = 251658240                              {pd product} {ergonomic}
     bool SegmentedCodeCache                       = true                                      {product} {ergonomic}
   size_t SoftMaxHeapSize                          = 4273995776                             {manageable} {ergonomic}
     bool UseCompressedClassPointers               = true                           {product lp64_product} {ergonomic}
     bool UseCompressedOops                        = true                           {product lp64_product} {ergonomic}
     bool UseG1GC                                  = true                                      {product} {ergonomic}
     bool UseLargePagesIndividualAllocation        = false                                  {pd product} {ergonomic}

Logging:
Log output configuration:
 #0: stdout all=warning uptime,level,tags
 #1: stderr all=off uptime,level,tags

Environment Variables:
PATH=C:\Program Files\Common Files\Oracle\Java\javapath;C:\Program Files (x86)\Common Files\Intel\Shared Libraries\redist\intel64\compiler;C:\WINDOWS\system32;C:\WINDOWS;C:\WINDOWS\System32\Wbem;C:\WINDOWS\System32\WindowsPowerShell\v1.0\;C:\WINDOWS\System32\OpenSSH\;C:\Program Files\Common Files\Autodesk Shared\;C:\Program Files\Microsoft SQL Server\120\Tools\Binn\;C:\Program Files (x86)\IVI Foundation\VISA\WinNT\Bin;C:\Program Files\Azure Data Studio\bin;C:\Program Files (x86)\Microsoft SQL Server\150\Tools\Binn\;C:\Program Files\Microsoft SQL Server\150\Tools\Binn\;C:\Program Files (x86)\Microsoft SQL Server\150\DTS\Binn\;C:\Program Files\Microsoft SQL Server\150\DTS\Binn\;C:\Program Files\Microsoft SQL Server\Client SDK\ODBC\170\Tools\Binn\;C:\Program Files\Git\cmd;C:\Program Files\TortoiseGit\bin;C:\Program Files\CMake\bin;C:\Program Files (x86)\Windows Kits\10\Windows Performance Toolkit\;C:\Users\Step\AppData\Local\Programs\Python\Python39\Scripts\;C:\Users\Step\AppData\Local\Programs\Python\Python39\;C:\Users\Step\AppData\Local\Microsoft\WindowsApps;;C:\Users\Step\AppData\Local\Programs\Microsoft VS Code\bin
USERNAME=Step
OS=Windows_NT
PROCESSOR_IDENTIFIER=Intel64 Family 6 Model 60 Stepping 3, GenuineIntel



---------------  S Y S T E M  ---------------

OS:
 Windows 10 , 64 bit Build 19041 (10.0.19041.3636)
OS uptime: 0 days 0:23 hours

CPU: total 4 (initial active 4) (4 cores per cpu, 1 threads per core) family 6 model 60 stepping 3 microcode 0x27, cx8, cmov, fxsr, mmx, sse, sse2, sse3, ssse3, sse4.1, sse4.2, popcnt, lzcnt, tsc, tscinvbit, avx, avx2, aes, erms, clmul, bmi1, bmi2, fma, vzeroupper, clflush

Memory: 4k page, system-wide physical 16302M (8268M free)
TotalPageFile size 18734M (AvailPageFile size 9470M)
current process WorkingSet (physical memory assigned to process): 37M, peak: 37M
current process commit charge ("private bytes"): 336M, peak: 336M

vm_info: Java HotSpot(TM) 64-Bit Server VM (17.0.10+11-LTS-240) for windows-amd64 JRE (17.0.10+11-LTS-240), built on Dec 19 2023 21:47:25 by "mach5one" with MS VC++ 17.1 (VS2022)

END.
